0 info it worked if it ends with ok
1 verbose cli [ '/usr/local/bin/node', '/usr/local/bin/npm', 'start' ]
2 info using npm@4.1.1
3 info using node@v7.3.0
4 verbose run-script [ 'prestart', 'start', 'poststart' ]
5 info lifecycle pocket-ikoma@0.0.0~prestart: pocket-ikoma@0.0.0
6 silly lifecycle pocket-ikoma@0.0.0~prestart: no script for prestart, continuing
7 info lifecycle pocket-ikoma@0.0.0~start: pocket-ikoma@0.0.0
8 verbose lifecycle pocket-ikoma@0.0.0~start: unsafe-perm in lifecycle true
9 verbose lifecycle pocket-ikoma@0.0.0~start: PATH: /usr/local/lib/node_modules/npm/bin/node-gyp-bin:/mnt/6A920CD2920CA523/repos/pocket-ikoma/node_modules/.bin:/usr/local/sbin:/usr/local/bin:/usr/sbin:/usr/bin:/sbin:/bin:/usr/games:/usr/local/games:/opt/java/current-java/bin
10 verbose lifecycle pocket-ikoma@0.0.0~start: CWD: /mnt/6A920CD2920CA523/repos/pocket-ikoma
11 silly lifecycle pocket-ikoma@0.0.0~start: Args: [ '-c', 'npm run server' ]
12 silly lifecycle pocket-ikoma@0.0.0~start: Returned: code: 1  signal: null
13 info lifecycle pocket-ikoma@0.0.0~start: Failed to exec start script
14 verbose stack Error: pocket-ikoma@0.0.0 start: `npm run server`
14 verbose stack Exit status 1
14 verbose stack     at EventEmitter.<anonymous> (/usr/local/lib/node_modules/npm/lib/utils/lifecycle.js:279:16)
14 verbose stack     at emitTwo (events.js:106:13)
14 verbose stack     at EventEmitter.emit (events.js:191:7)
14 verbose stack     at ChildProcess.<anonymous> (/usr/local/lib/node_modules/npm/lib/utils/spawn.js:40:14)
14 verbose stack     at emitTwo (events.js:106:13)
14 verbose stack     at ChildProcess.emit (events.js:191:7)
14 verbose stack     at maybeClose (internal/child_process.js:885:16)
14 verbose stack     at Process.ChildProcess._handle.onexit (internal/child_process.js:226:5)
15 verbose pkgid pocket-ikoma@0.0.0
16 verbose cwd /mnt/6A920CD2920CA523/repos/pocket-ikoma
17 error Linux 3.16.0-38-generic
18 error argv "/usr/local/bin/node" "/usr/local/bin/npm" "start"
19 error node v7.3.0
20 error npm  v4.1.1
21 error code ELIFECYCLE
22 error pocket-ikoma@0.0.0 start: `npm run server`
22 error Exit status 1
23 error Failed at the pocket-ikoma@0.0.0 start script 'npm run server'.
23 error Make sure you have the latest version of node.js and npm installed.
23 error If you do, this is most likely a problem with the pocket-ikoma package,
23 error not with npm itself.
23 error Tell the author that this fails on your system:
23 error     npm run server
23 error You can get information on how to open an issue for this project with:
23 error     npm bugs pocket-ikoma
23 error Or if that isn't available, you can get their info via:
23 error     npm owner ls pocket-ikoma
23 error There is likely additional logging output above.
24 verbose exit [ 1, true ]
